[2026-04-16T17:27:39Z] === ENRICH ITERATION 13 START | repo=numpy/numpy sha=651ef74c ===
[2026-04-16T17:27:39Z] [iter=13] PHASE START: enrich repo=numpy/numpy sha=651ef74c runlog=/home/runner/work/forx/forx/storage/aggregate/lsp/logs/651ef74c-enrich-iter-013.log output=/home/runner/work/forx/forx/storage/aggregate/lsp/651ef74c4ebe7d24e727fd444b1985117ef16fae.nq.gz
[2026-04-16T17:27:39Z] [iter=13] Step 1: Loading AST into disk-backed store mem_mb=77 MB
[2026-04-16T17:29:52Z] [iter=13] AST store loaded triples=11974710 load_secs=127 mem_mb=1027 MB
[2026-04-16T17:29:52Z] [iter=13] Step 2: Finding LSP targets mem_mb=1027 MB
[2026-04-16T17:30:10Z] [iter=13] LSP targets found call_sites=82502 imports=2680 extends=911 implements=0 secs=19
[2026-04-16T17:30:20Z] [iter=13] Loaded checkpoint partial graph triples=214010
[2026-04-16T17:30:34Z] [iter=13] Step 2.7: Building position index (one-shot, shared across resolvers) mem_mb=1027 MB
[2026-04-16T17:31:59Z] [iter=13] Position index built positions=764731 nodes_with_types=972200 secs=85 mem_mb=2334 MB
[2026-04-16T17:31:59Z] [iter=13] Step 3: Starting LSP resolution mem_mb=2334 MB already_completed_types=[] already_completed_files=393
[2026-04-16T17:31:59Z] [iter=13] Resolving target type target_type=call_site count=82502
[2026-04-16T17:32:04Z] [iter=13] HEARTBEAT target_type=call_site elapsed_min=4.4 files_done=0 resolved=0 errors=0 current=numpy/linalg/zlapack_lite.c
[2026-04-16T20:13:33Z] [iter=13] HEARTBEAT target_type=call_site elapsed_min=165.9 files_done=1 resolved=0 errors=1979 current=doc/swig/test/Tensor.cxx
[2026-04-16T20:15:34Z] [iter=13] HEARTBEAT target_type=call_site elapsed_min=167.9 files_done=3 resolved=4 errors=1981 current=numpy/core/src/multiarray/nditer_pywrap.c
[2026-04-16T20:24:47Z] [iter=13] HEARTBEAT target_type=call_site elapsed_min=177.1 files_done=4 resolved=4 errors=2096 current=numpy/fft/fftpack.c
[2026-04-16T20:54:39Z] [iter=13] HEARTBEAT target_type=call_site elapsed_min=207.0 files_done=5 resolved=12 errors=2468 current=numpy/core/src/umath/ufunc_object.c
[2026-04-16T21:13:06Z] [iter=13] HEARTBEAT target_type=call_site elapsed_min=225.4 files_done=6 resolved=36 errors=2698 current=numpy/core/src/multiarray/calculation.c
[2026-04-16T21:27:44Z] [iter=13] CHECKPOINT TRIGGERED elapsed_min=240.1 files_completed=400 new_files_this_iter=7 mem_mb=2365 MB
[2026-04-16T21:27:44Z] [iter=13] Writing partial enrichment graph path=/home/runner/work/forx/forx/storage/aggregate/lsp/651ef74c4ebe7d24e727fd444b1985117ef16fae.nq.gz triples=230642
[2026-04-16T21:27:48Z] [iter=13] Checkpoint written, exiting with code 7
[2026-04-16T21:27:48Z] [iter=13] PHASE END: enrich (checkpointed) elapsed_s=14404 elapsed_min=240.1 files_completed=400
